{
  "RSpec": {
    "coverage": {
      "/home/breezy-agent-6828/tic-tac-toe-rb-ruby-apply-000/lib/tic_tac_toe.rb": [
        null,
        1,
        null,
        null,
        null,
        null,
        null,
        null,
        null,
        null,
        null,
        1,
        null,
        1,
        30,
        30,
        30,
        30,
        30,
        null,
        null,
        1,
        47548,
        null,
        null,
        1,
        28,
        null,
        null,
        1,
        47564,
        null,
        null,
        1,
        47548,
        null,
        null,
        1,
        47555,
        47549,
        47545,
        47545,
        25,
        25,
        null,
        47520,
        null,
        null,
        null,
        1,
        35,
        35,
        315,
        61,
        null,
        null,
        35,
        null,
        null,
        1,
        26,
        18,
        null,
        8,
        8,
        null,
        null,
        null,
        1,
        21,
        146,
        146,
        146,
        null,
        146,
        146,
        146,
        null,
        null,
        146,
        12,
        null,
        null,
        9,
        null,
        null,
        1,
        49,
        3,
        null,
        4,
        null,
        null,
        null,
        1,
        8,
        3,
        0,
        0,
        5,
        5,
        null,
        null,
        null,
        1,
        3,
        2,
        null,
        null,
        1,
        null,
        null,
        null,
        1,
        3,
        2,
        null,
        null,
        null,
        1,
        12,
        12,
        35,
        23,
        null,
        null
      ]
    },
    "timestamp": 1601914267
  }
}
